<?xml version="1.0" ?>
<!DOCTYPE coverage SYSTEM "http://cobertura.sourceforge.net/xml/coverage-04.dtd">
<coverage lines-valid="104"  lines-covered="79"  line-rate="0.7595999999999999"  branches-valid="36"  branches-covered="22"  branch-rate="0.6111"  timestamp="1447474018293" complexity="0" version="0.1">
<sources>
	<source>/Users/arata/Dropbox/dev/ws/jQuery-file-type-icon</source>
</sources>
<packages>
	<package name="jssrc"  line-rate="0.7595999999999999"  branch-rate="0.6111" >
	<classes>
		<class name="jquery.file-type-icon.js"  filename="src/main/webapp/jssrc/jquery.file-type-icon.js"  line-rate="0.7595999999999999"  branch-rate="0.6111" >
		<methods>
			<method name="(anonymous_1)"  hits="1"  signature="()V" >
				<lines><line number="1"  hits="1" /></lines>
			</method>
			<method name="(anonymous_2)"  hits="8"  signature="()V" >
				<lines><line number="31"  hits="8" /></lines>
			</method>
			<method name="(anonymous_3)"  hits="8"  signature="()V" >
				<lines><line number="53"  hits="8" /></lines>
			</method>
			<method name="(anonymous_4)"  hits="0"  signature="()V" >
				<lines><line number="56"  hits="0" /></lines>
			</method>
			<method name="(anonymous_5)"  hits="8"  signature="()V" >
				<lines><line number="62"  hits="8" /></lines>
			</method>
			<method name="(anonymous_6)"  hits="8"  signature="()V" >
				<lines><line number="72"  hits="8" /></lines>
			</method>
			<method name="(anonymous_7)"  hits="8"  signature="()V" >
				<lines><line number="92"  hits="8" /></lines>
			</method>
			<method name="(anonymous_8)"  hits="8"  signature="()V" >
				<lines><line number="108"  hits="8" /></lines>
			</method>
			<method name="(anonymous_9)"  hits="0"  signature="()V" >
				<lines><line number="110"  hits="0" /></lines>
			</method>
			<method name="(anonymous_10)"  hits="0"  signature="()V" >
				<lines><line number="120"  hits="0" /></lines>
			</method>
			<method name="(anonymous_11)"  hits="0"  signature="()V" >
				<lines><line number="124"  hits="0" /></lines>
			</method>
			<method name="(anonymous_12)"  hits="0"  signature="()V" >
				<lines><line number="125"  hits="0" /></lines>
			</method>
			<method name="(anonymous_13)"  hits="0"  signature="()V" >
				<lines><line number="127"  hits="0" /></lines>
			</method>
			<method name="(anonymous_14)"  hits="0"  signature="()V" >
				<lines><line number="131"  hits="0" /></lines>
			</method>
			<method name="(anonymous_15)"  hits="8"  signature="()V" >
				<lines><line number="140"  hits="8" /></lines>
			</method>
			<method name="(anonymous_16)"  hits="8"  signature="()V" >
				<lines><line number="146"  hits="8" /></lines>
			</method>
			<method name="(anonymous_17)"  hits="8"  signature="()V" >
				<lines><line number="156"  hits="8" /></lines>
			</method>
		</methods>
		<lines>
			<line number="1"  hits="1"  branch="false" />
			<line number="4"  hits="1"  branch="false" />
			<line number="19"  hits="1"  branch="false" />
			<line number="21"  hits="1"  branch="false" />
			<line number="31"  hits="1"  branch="false" />
			<line number="32"  hits="8"  branch="false" />
			<line number="33"  hits="8"  branch="false" />
			<line number="36"  hits="8"  branch="true"  condition-coverage="75% (3/4)" />
			<line number="37"  hits="0"  branch="false" />
			<line number="39"  hits="8"  branch="false" />
			<line number="41"  hits="8"  branch="false" />
			<line number="47"  hits="8"  branch="true"  condition-coverage="100% (2/2)" />
			<line number="48"  hits="7"  branch="false" />
			<line number="50"  hits="8"  branch="true"  condition-coverage="50% (1/2)" />
			<line number="51"  hits="8"  branch="false" />
			<line number="53"  hits="8"  branch="false" />
			<line number="54"  hits="8"  branch="false" />
			<line number="55"  hits="8"  branch="false" />
			<line number="57"  hits="0"  branch="false" />
			<line number="59"  hits="8"  branch="false" />
			<line number="62"  hits="1"  branch="false" />
			<line number="63"  hits="8"  branch="false" />
			<line number="64"  hits="8"  branch="false" />
			<line number="65"  hits="8"  branch="false" />
			<line number="66"  hits="8"  branch="false" />
			<line number="67"  hits="8"  branch="false" />
			<line number="68"  hits="8"  branch="false" />
			<line number="69"  hits="8"  branch="false" />
			<line number="72"  hits="1"  branch="false" />
			<line number="73"  hits="8"  branch="false" />
			<line number="74"  hits="8"  branch="false" />
			<line number="76"  hits="8"  branch="true"  condition-coverage="75% (3/4)" />
			<line number="79"  hits="8"  branch="false" />
			<line number="80"  hits="8"  branch="false" />
			<line number="82"  hits="8"  branch="false" />
			<line number="87"  hits="8"  branch="false" />
			<line number="88"  hits="8"  branch="false" />
			<line number="92"  hits="1"  branch="false" />
			<line number="93"  hits="8"  branch="false" />
			<line number="94"  hits="8"  branch="false" />
			<line number="96"  hits="8"  branch="true"  condition-coverage="75% (3/4)" />
			<line number="97"  hits="0"  branch="true"  condition-coverage="0% (0/2)" />
			<line number="98"  hits="0"  branch="false" />
			<line number="101"  hits="8"  branch="true"  condition-coverage="100% (2/2)" />
			<line number="102"  hits="8"  branch="true"  condition-coverage="50% (1/2)" />
			<line number="103"  hits="8"  branch="false" />
			<line number="107"  hits="8"  branch="true"  condition-coverage="50% (1/2)" />
			<line number="108"  hits="8"  branch="false" />
			<line number="109"  hits="8"  branch="false" />
			<line number="111"  hits="0"  branch="false" />
			<line number="114"  hits="0"  branch="false" />
			<line number="117"  hits="8"  branch="false" />
			<line number="120"  hits="1"  branch="false" />
			<line number="121"  hits="0"  branch="false" />
			<line number="123"  hits="0"  branch="false" />
			<line number="124"  hits="0"  branch="false" />
			<line number="125"  hits="0"  branch="false" />
			<line number="126"  hits="0"  branch="false" />
			<line number="128"  hits="0"  branch="false" />
			<line number="131"  hits="0"  branch="false" />
			<line number="132"  hits="0"  branch="false" />
			<line number="135"  hits="0"  branch="false" />
			<line number="137"  hits="0"  branch="false" />
			<line number="140"  hits="1"  branch="false" />
			<line number="141"  hits="8"  branch="false" />
			<line number="143"  hits="8"  branch="false" />
			<line number="144"  hits="8"  branch="false" />
			<line number="146"  hits="8"  branch="false" />
			<line number="147"  hits="8"  branch="false" />
			<line number="149"  hits="8"  branch="false" />
			<line number="151"  hits="8"  branch="false" />
			<line number="153"  hits="8"  branch="false" />
			<line number="156"  hits="1"  branch="false" />
			<line number="157"  hits="8"  branch="false" />
			<line number="158"  hits="8"  branch="false" />
			<line number="162"  hits="8"  branch="false" />
			<line number="166"  hits="8"  branch="false" />
			<line number="167"  hits="8"  branch="false" />
			<line number="168"  hits="8"  branch="true"  condition-coverage="50% (1/2)" />
			<line number="169"  hits="0"  branch="false" />
			<line number="170"  hits="0"  branch="false" />
			<line number="174"  hits="8"  branch="true"  condition-coverage="50% (1/2)" />
			<line number="175"  hits="0"  branch="false" />
			<line number="177"  hits="8"  branch="false" />
			<line number="179"  hits="8"  branch="false" />
			<line number="180"  hits="8"  branch="true"  condition-coverage="50% (1/2)" />
			<line number="181"  hits="8"  branch="false" />
			<line number="183"  hits="0"  branch="false" />
			<line number="185"  hits="8"  branch="false" />
			<line number="186"  hits="8"  branch="true"  condition-coverage="50% (1/2)" />
			<line number="187"  hits="8"  branch="false" />
			<line number="189"  hits="0"  branch="false" />
			<line number="191"  hits="8"  branch="false" />
			<line number="192"  hits="8"  branch="true"  condition-coverage="50% (1/2)" />
			<line number="193"  hits="8"  branch="false" />
			<line number="196"  hits="0"  branch="false" />
			<line number="199"  hits="8"  branch="false" />
			<line number="200"  hits="8"  branch="false" />
			<line number="201"  hits="8"  branch="false" />
			<line number="202"  hits="8"  branch="false" />
			<line number="206"  hits="8"  branch="true"  condition-coverage="50% (1/2)" />
			<line number="207"  hits="0"  branch="false" />
			<line number="208"  hits="0"  branch="false" />
			<line number="209"  hits="0"  branch="false" />
		</lines>
		</class>
	</classes>
	</package>
</packages>
</coverage>
